<?xml version="1.0" encoding="UTF-8" standalone="yes"?><Entities TotalResults="14"><Entity Type="run"><Fields><Field Name="test-instance"><Value>1</Value></Field><Field Name="execution-date"><Value>2017-12-05</Value></Field><Field Name="state"><Value></Value></Field><Field Name="id"><Value>2</Value></Field><Field Name="ver-stamp"><Value>6</Value></Field><Field Name="os-config"><Value></Value></Field><Field Name="test-config-id"><Value>1003</Value></Field><Field Name="name"><Value>Run_12-5_16-58-50</Value></Field><Field Name="has-linkage"><Value>N</Value></Field><Field Name="path"><Value></Value></Field><Field Name="vc-status"><Value></Value></Field><Field Name="pinned-baseline"><Value></Value></Field><Field Name="vc-version-number"/><Field Name="os-build"><Value>Build 7601</Value></Field><Field Name="testcycl-id"><Value>3</Value></Field><Field Name="cycle-id"><Value>101</Value></Field><Field Name="cycle"><Value></Value></Field><Field Name="host"><Value>LT040887</Value></Field><Field Name="assign-rcyc"><Value></Value></Field><Field Name="last-modified"><Value>2017-12-05 17:04:12</Value></Field><Field Name="status"><Value>Passed</Value></Field><Field Name="os-name"><Value>Windows 7</Value></Field><Field Name="attachment"><Value></Value></Field><Field Name="iters-params-values"><Value></Value></Field><Field Name="test-id"><Value>3</Value></Field><Field Name="subtype-id"><Value>hp.sprinter.run.SPRINTER</Value></Field><Field Name="draft"><Value>N</Value></Field><Field Name="iters-sum-status"><Value></Value></Field><Field Name="duration"><Value>304</Value></Field><Field Name="bpt-structure"><Value></Value></Field><Field Name="owner"><Value>184389</Value></Field><Field Name="text-sync"><Value></Value></Field><Field Name="bpta-change-detected"/><Field Name="execution-time"><Value>16:59:05</Value></Field><Field Name="bpta-change-awareness"><Value></Value></Field><Field Name="vc-locked-by"><Value></Value></Field><Field Name="comments"><Value></Value></Field><Field Name="os-sp"><Value>Service Pack 1</Value></Field></Fields><RelatedEntities/></Entity><Entity Type="run"><Fields><Field Name="test-instance"><Value>1</Value></Field><Field Name="execution-date"><Value>2017-12-05</Value></Field><Field Name="state"><Value></Value></Field><Field Name="id"><Value>3</Value></Field><Field Name="ver-stamp"><Value>5</Value></Field><Field Name="os-config"><Value></Value></Field><Field Name="test-config-id"><Value>1004</Value></Field><Field Name="name"><Value>Run_12-5_17-17-51</Value></Field><Field Name="has-linkage"><Value>N</Value></Field><Field Name="path"><Value></Value></Field><Field Name="vc-status"><Value></Value></Field><Field Name="pinned-baseline"><Value></Value></Field><Field Name="vc-version-number"/><Field Name="os-build"><Value>Build 7601</Value></Field><Field Name="testcycl-id"><Value>4</Value></Field><Field Name="cycle-id"><Value>101</Value></Field><Field Name="cycle"><Value></Value></Field><Field Name="host"><Value>LT040887</Value></Field><Field Name="assign-rcyc"><Value></Value></Field><Field Name="last-modified"><Value>2017-12-05 17:21:53</Value></Field><Field Name="status"><Value>Not Completed</Value></Field><Field Name="os-name"><Value>Windows 7</Value></Field><Field Name="attachment"><Value></Value></Field><Field Name="iters-params-values"><Value></Value></Field><Field Name="test-id"><Value>4</Value></Field><Field Name="subtype-id"><Value>hp.sprinter.run.SPRINTER</Value></Field><Field Name="draft"><Value>N</Value></Field><Field Name="iters-sum-status"><Value></Value></Field><Field Name="duration"><Value>196</Value></Field><Field Name="bpt-structure"><Value></Value></Field><Field Name="owner"><Value>184389</Value></Field><Field Name="text-sync"><Value></Value></Field><Field Name="bpta-change-detected"/><Field Name="execution-time"><Value>17:18:35</Value></Field><Field Name="bpta-change-awareness"><Value></Value></Field><Field Name="vc-locked-by"><Value></Value></Field><Field Name="comments"><Value></Value></Field><Field Name="os-sp"><Value>Service Pack 1</Value></Field></Fields><RelatedEntities/></Entity><Entity Type="run"><Fields><Field Name="test-instance"><Value>1</Value></Field><Field Name="execution-date"><Value>2017-12-05</Value></Field><Field Name="state"><Value></Value></Field><Field Name="id"><Value>4</Value></Field><Field Name="ver-stamp"><Value>7</Value></Field><Field Name="os-config"><Value></Value></Field><Field Name="test-config-id"><Value>1005</Value></Field><Field Name="name"><Value>Run_12-5_18-30-34</Value></Field><Field Name="has-linkage"><Value>N</Value></Field><Field Name="path"><Value></Value></Field><Field Name="vc-status"><Value></Value></Field><Field Name="pinned-baseline"><Value></Value></Field><Field Name="vc-version-number"/><Field Name="os-build"><Value>Build 7601</Value></Field><Field Name="testcycl-id"><Value>5</Value></Field><Field Name="cycle-id"><Value>101</Value></Field><Field Name="cycle"><Value></Value></Field><Field Name="host"><Value>LT040887</Value></Field><Field Name="assign-rcyc"><Value></Value></Field><Field Name="last-modified"><Value>2017-12-05 18:42:00</Value></Field><Field Name="status"><Value>Passed</Value></Field><Field Name="os-name"><Value>Windows 7</Value></Field><Field Name="attachment"><Value></Value></Field><Field Name="iters-params-values"><Value></Value></Field><Field Name="test-id"><Value>5</Value></Field><Field Name="subtype-id"><Value>hp.sprinter.run.SPRINTER</Value></Field><Field Name="draft"><Value>N</Value></Field><Field Name="iters-sum-status"><Value></Value></Field><Field Name="duration"><Value>583</Value></Field><Field Name="bpt-structure"><Value></Value></Field><Field Name="owner"><Value>184389</Value></Field><Field Name="text-sync"><Value></Value></Field><Field Name="bpta-change-detected"/><Field Name="execution-time"><Value>18:32:14</Value></Field><Field Name="bpta-change-awareness"><Value></Value></Field><Field Name="vc-locked-by"><Value></Value></Field><Field Name="comments"><Value></Value></Field><Field Name="os-sp"><Value>Service Pack 1</Value></Field></Fields><RelatedEntities/></Entity><Entity Type="run"><Fields><Field Name="test-instance"><Value>1</Value></Field><Field Name="execution-date"><Value>2017-12-06</Value></Field><Field Name="state"><Value></Value></Field><Field Name="id"><Value>5</Value></Field><Field Name="ver-stamp"><Value>5</Value></Field><Field Name="os-config"><Value></Value></Field><Field Name="test-config-id"><Value>1003</Value></Field><Field Name="name"><Value>Run_12-6_16-12-45</Value></Field><Field Name="has-linkage"><Value>N</Value></Field><Field Name="path"><Value></Value></Field><Field Name="vc-status"><Value></Value></Field><Field Name="pinned-baseline"><Value></Value></Field><Field Name="vc-version-number"/><Field Name="os-build"><Value>Build 7601</Value></Field><Field Name="testcycl-id"><Value>3</Value></Field><Field Name="cycle-id"><Value>101</Value></Field><Field Name="cycle"><Value></Value></Field><Field Name="host"><Value>LT040887</Value></Field><Field Name="assign-rcyc"><Value></Value></Field><Field Name="last-modified"><Value>2017-12-06 16:44:38</Value></Field><Field Name="status"><Value>Not Completed</Value></Field><Field Name="os-name"><Value>Windows 7</Value></Field><Field Name="attachment"><Value></Value></Field><Field Name="iters-params-values"><Value></Value></Field><Field Name="test-id"><Value>3</Value></Field><Field Name="subtype-id"><Value>hp.sprinter.run.SPRINTER</Value></Field><Field Name="draft"><Value>N</Value></Field><Field Name="iters-sum-status"><Value></Value></Field><Field Name="duration"><Value>86</Value></Field><Field Name="bpt-structure"><Value></Value></Field><Field Name="owner"><Value>184389</Value></Field><Field Name="text-sync"><Value></Value></Field><Field Name="bpta-change-detected"/><Field Name="execution-time"><Value>16:43:12</Value></Field><Field Name="bpta-change-awareness"><Value></Value></Field><Field Name="vc-locked-by"><Value></Value></Field><Field Name="comments"><Value></Value></Field><Field Name="os-sp"><Value>Service Pack 1</Value></Field></Fields><RelatedEntities/></Entity><Entity Type="run"><Fields><Field Name="test-instance"><Value>1</Value></Field><Field Name="execution-date"><Value>2017-12-06</Value></Field><Field Name="state"><Value></Value></Field><Field Name="id"><Value>6</Value></Field><Field Name="ver-stamp"><Value>7</Value></Field><Field Name="os-config"><Value></Value></Field><Field Name="test-config-id"><Value>1003</Value></Field><Field Name="name"><Value>Run_12-6_16-46-27</Value></Field><Field Name="has-linkage"><Value>N</Value></Field><Field Name="path"><Value></Value></Field><Field Name="vc-status"><Value></Value></Field><Field Name="pinned-baseline"><Value></Value></Field><Field Name="vc-version-number"/><Field Name="os-build"><Value>Build 7601</Value></Field><Field Name="testcycl-id"><Value>3</Value></Field><Field Name="cycle-id"><Value>101</Value></Field><Field Name="cycle"><Value></Value></Field><Field Name="host"><Value>LT040887</Value></Field><Field Name="assign-rcyc"><Value></Value></Field><Field Name="last-modified"><Value>2017-12-06 16:49:51</Value></Field><Field Name="status"><Value>No Run</Value></Field><Field Name="os-name"><Value>Windows 7</Value></Field><Field Name="attachment"><Value></Value></Field><Field Name="iters-params-values"><Value></Value></Field><Field Name="test-id"><Value>3</Value></Field><Field Name="subtype-id"><Value>hp.sprinter.run.SPRINTER</Value></Field><Field Name="draft"><Value>N</Value></Field><Field Name="iters-sum-status"><Value></Value></Field><Field Name="duration"><Value>119</Value></Field><Field Name="bpt-structure"><Value></Value></Field><Field Name="owner"><Value>184389</Value></Field><Field Name="text-sync"><Value></Value></Field><Field Name="bpta-change-detected"/><Field Name="execution-time"><Value>16:46:36</Value></Field><Field Name="bpta-change-awareness"><Value></Value></Field><Field Name="vc-locked-by"><Value></Value></Field><Field Name="comments"><Value></Value></Field><Field Name="os-sp"><Value>Service Pack 1</Value></Field></Fields><RelatedEntities/></Entity><Entity Type="run"><Fields><Field Name="test-instance"><Value>1</Value></Field><Field Name="execution-date"><Value>2017-12-06</Value></Field><Field Name="state"><Value></Value></Field><Field Name="id"><Value>7</Value></Field><Field Name="ver-stamp"><Value>5</Value></Field><Field Name="os-config"><Value></Value></Field><Field Name="test-config-id"><Value>1003</Value></Field><Field Name="name"><Value>Run_12-6_17-10-16</Value></Field><Field Name="has-linkage"><Value>N</Value></Field><Field Name="path"><Value></Value></Field><Field Name="vc-status"><Value></Value></Field><Field Name="pinned-baseline"><Value></Value></Field><Field Name="vc-version-number"/><Field Name="os-build"><Value>Build 7601</Value></Field><Field Name="testcycl-id"><Value>3</Value></Field><Field Name="cycle-id"><Value>101</Value></Field><Field Name="cycle"><Value></Value></Field><Field Name="host"><Value>LT040887</Value></Field><Field Name="assign-rcyc"><Value></Value></Field><Field Name="last-modified"><Value>2017-12-06 17:12:55</Value></Field><Field Name="status"><Value>Not Completed</Value></Field><Field Name="os-name"><Value>Windows 7</Value></Field><Field Name="attachment"><Value></Value></Field><Field Name="iters-params-values"><Value></Value></Field><Field Name="test-id"><Value>3</Value></Field><Field Name="subtype-id"><Value>hp.sprinter.run.SPRINTER</Value></Field><Field Name="draft"><Value>N</Value></Field><Field Name="iters-sum-status"><Value></Value></Field><Field Name="duration"><Value>113</Value></Field><Field Name="bpt-structure"><Value></Value></Field><Field Name="owner"><Value>184389</Value></Field><Field Name="text-sync"><Value></Value></Field><Field Name="bpta-change-detected"/><Field Name="execution-time"><Value>17:11:02</Value></Field><Field Name="bpta-change-awareness"><Value></Value></Field><Field Name="vc-locked-by"><Value></Value></Field><Field Name="comments"><Value></Value></Field><Field Name="os-sp"><Value>Service Pack 1</Value></Field></Fields><RelatedEntities/></Entity><Entity Type="run"><Fields><Field Name="test-instance"><Value>1</Value></Field><Field Name="execution-date"><Value>2017-12-06</Value></Field><Field Name="state"><Value></Value></Field><Field Name="id"><Value>8</Value></Field><Field Name="ver-stamp"><Value>6</Value></Field><Field Name="os-config"><Value></Value></Field><Field Name="test-config-id"><Value>1003</Value></Field><Field Name="name"><Value>Run_12-6_17-14-27</Value></Field><Field Name="has-linkage"><Value>N</Value></Field><Field Name="path"><Value></Value></Field><Field Name="vc-status"><Value></Value></Field><Field Name="pinned-baseline"><Value></Value></Field><Field Name="vc-version-number"/><Field Name="os-build"><Value>Build 7601</Value></Field><Field Name="testcycl-id"><Value>3</Value></Field><Field Name="cycle-id"><Value>101</Value></Field><Field Name="cycle"><Value></Value></Field><Field Name="host"><Value>LT040887</Value></Field><Field Name="assign-rcyc"><Value></Value></Field><Field Name="last-modified"><Value>2017-12-06 17:20:24</Value></Field><Field Name="status"><Value>Not Completed</Value></Field><Field Name="os-name"><Value>Windows 7</Value></Field><Field Name="attachment"><Value></Value></Field><Field Name="iters-params-values"><Value></Value></Field><Field Name="test-id"><Value>3</Value></Field><Field Name="subtype-id"><Value>hp.sprinter.run.SPRINTER</Value></Field><Field Name="draft"><Value>N</Value></Field><Field Name="iters-sum-status"><Value></Value></Field><Field Name="duration"><Value>319</Value></Field><Field Name="bpt-structure"><Value></Value></Field><Field Name="owner"><Value>184389</Value></Field><Field Name="text-sync"><Value></Value></Field><Field Name="bpta-change-detected"/><Field Name="execution-time"><Value>17:14:39</Value></Field><Field Name="bpta-change-awareness"><Value></Value></Field><Field Name="vc-locked-by"><Value></Value></Field><Field Name="comments"><Value></Value></Field><Field Name="os-sp"><Value>Service Pack 1</Value></Field></Fields><RelatedEntities/></Entity><Entity Type="run"><Fields><Field Name="test-instance"><Value>1</Value></Field><Field Name="execution-date"><Value>2017-12-06</Value></Field><Field Name="state"><Value></Value></Field><Field Name="id"><Value>9</Value></Field><Field Name="ver-stamp"><Value>5</Value></Field><Field Name="os-config"><Value></Value></Field><Field Name="test-config-id"><Value>1003</Value></Field><Field Name="name"><Value>Run_12-6_18-16-32</Value></Field><Field Name="has-linkage"><Value>N</Value></Field><Field Name="path"><Value></Value></Field><Field Name="vc-status"><Value></Value></Field><Field Name="pinned-baseline"><Value></Value></Field><Field Name="vc-version-number"/><Field Name="os-build"><Value>Build 7601</Value></Field><Field Name="testcycl-id"><Value>3</Value></Field><Field Name="cycle-id"><Value>101</Value></Field><Field Name="cycle"><Value></Value></Field><Field Name="host"><Value>LT040887</Value></Field><Field Name="assign-rcyc"><Value></Value></Field><Field Name="last-modified"><Value>2017-12-06 18:30:20</Value></Field><Field Name="status"><Value>Not Completed</Value></Field><Field Name="os-name"><Value>Windows 7</Value></Field><Field Name="attachment"><Value></Value></Field><Field Name="iters-params-values"><Value></Value></Field><Field Name="test-id"><Value>3</Value></Field><Field Name="subtype-id"><Value>hp.sprinter.run.SPRINTER</Value></Field><Field Name="draft"><Value>N</Value></Field><Field Name="iters-sum-status"><Value></Value></Field><Field Name="duration"><Value>611</Value></Field><Field Name="bpt-structure"><Value></Value></Field><Field Name="owner"><Value>184389</Value></Field><Field Name="text-sync"><Value></Value></Field><Field Name="bpta-change-detected"/><Field Name="execution-time"><Value>18:20:08</Value></Field><Field Name="bpta-change-awareness"><Value></Value></Field><Field Name="vc-locked-by"><Value></Value></Field><Field Name="comments"><Value></Value></Field><Field Name="os-sp"><Value>Service Pack 1</Value></Field></Fields><RelatedEntities/></Entity><Entity Type="run"><Fields><Field Name="test-instance"><Value>1</Value></Field><Field Name="execution-date"><Value>2017-12-06</Value></Field><Field Name="state"><Value></Value></Field><Field Name="id"><Value>10</Value></Field><Field Name="ver-stamp"><Value>7</Value></Field><Field Name="os-config"><Value></Value></Field><Field Name="test-config-id"><Value>1006</Value></Field><Field Name="name"><Value>Run_12-6_18-32-51</Value></Field><Field Name="has-linkage"><Value>N</Value></Field><Field Name="path"><Value></Value></Field><Field Name="vc-status"><Value></Value></Field><Field Name="pinned-baseline"><Value></Value></Field><Field Name="vc-version-number"/><Field Name="os-build"><Value>Build 7601</Value></Field><Field Name="testcycl-id"><Value>6</Value></Field><Field Name="cycle-id"><Value>101</Value></Field><Field Name="cycle"><Value></Value></Field><Field Name="host"><Value>LT040887</Value></Field><Field Name="assign-rcyc"><Value></Value></Field><Field Name="last-modified"><Value>2017-12-06 18:43:36</Value></Field><Field Name="status"><Value>Passed</Value></Field><Field Name="os-name"><Value>Windows 7</Value></Field><Field Name="attachment"><Value></Value></Field><Field Name="iters-params-values"><Value></Value></Field><Field Name="test-id"><Value>6</Value></Field><Field Name="subtype-id"><Value>hp.sprinter.run.SPRINTER</Value></Field><Field Name="draft"><Value>N</Value></Field><Field Name="iters-sum-status"><Value></Value></Field><Field Name="duration"><Value>519</Value></Field><Field Name="bpt-structure"><Value></Value></Field><Field Name="owner"><Value>184389</Value></Field><Field Name="text-sync"><Value></Value></Field><Field Name="bpta-change-detected"/><Field Name="execution-time"><Value>18:34:57</Value></Field><Field Name="bpta-change-awareness"><Value></Value></Field><Field Name="vc-locked-by"><Value></Value></Field><Field Name="comments"><Value></Value></Field><Field Name="os-sp"><Value>Service Pack 1</Value></Field></Fields><RelatedEntities/></Entity><Entity Type="run"><Fields><Field Name="test-instance"><Value>1</Value></Field><Field Name="execution-date"><Value>2017-12-06</Value></Field><Field Name="state"><Value></Value></Field><Field Name="id"><Value>11</Value></Field><Field Name="ver-stamp"><Value>5</Value></Field><Field Name="os-config"><Value></Value></Field><Field Name="test-config-id"><Value>1004</Value></Field><Field Name="name"><Value>Run_12-6_18-59-19</Value></Field><Field Name="has-linkage"><Value>N</Value></Field><Field Name="path"><Value></Value></Field><Field Name="vc-status"><Value></Value></Field><Field Name="pinned-baseline"><Value></Value></Field><Field Name="vc-version-number"/><Field Name="os-build"><Value>Build 7601</Value></Field><Field Name="testcycl-id"><Value>4</Value></Field><Field Name="cycle-id"><Value>101</Value></Field><Field Name="cycle"><Value></Value></Field><Field Name="host"><Value>LT040887</Value></Field><Field Name="assign-rcyc"><Value></Value></Field><Field Name="last-modified"><Value>2017-12-06 19:09:20</Value></Field><Field Name="status"><Value>Not Completed</Value></Field><Field Name="os-name"><Value>Windows 7</Value></Field><Field Name="attachment"><Value></Value></Field><Field Name="iters-params-values"><Value></Value></Field><Field Name="test-id"><Value>4</Value></Field><Field Name="subtype-id"><Value>hp.sprinter.run.SPRINTER</Value></Field><Field Name="draft"><Value>N</Value></Field><Field Name="iters-sum-status"><Value></Value></Field><Field Name="duration"><Value>572</Value></Field><Field Name="bpt-structure"><Value></Value></Field><Field Name="owner"><Value>184389</Value></Field><Field Name="text-sync"><Value></Value></Field><Field Name="bpta-change-detected"/><Field Name="execution-time"><Value>18:59:48</Value></Field><Field Name="bpta-change-awareness"><Value></Value></Field><Field Name="vc-locked-by"><Value></Value></Field><Field Name="comments"><Value></Value></Field><Field Name="os-sp"><Value>Service Pack 1</Value></Field></Fields><RelatedEntities/></Entity><Entity Type="run"><Fields><Field Name="test-instance"><Value>1</Value></Field><Field Name="execution-date"><Value>2019-04-24</Value></Field><Field Name="state"><Value></Value></Field><Field Name="id"><Value>12</Value></Field><Field Name="ver-stamp"><Value>3</Value></Field><Field Name="os-config"><Value></Value></Field><Field Name="test-config-id"><Value>1007</Value></Field><Field Name="name"><Value>Run_4-24_16-54-20</Value></Field><Field Name="has-linkage"><Value>N</Value></Field><Field Name="path"><Value></Value></Field><Field Name="vc-status"><Value></Value></Field><Field Name="pinned-baseline"><Value></Value></Field><Field Name="vc-version-number"/><Field Name="os-build"><Value>Build 9200</Value></Field><Field Name="testcycl-id"><Value>7</Value></Field><Field Name="cycle-id"><Value>201</Value></Field><Field Name="cycle"><Value></Value></Field><Field Name="host"><Value>LT108291</Value></Field><Field Name="assign-rcyc"><Value></Value></Field><Field Name="last-modified"><Value>2019-04-24 16:55:31</Value></Field><Field Name="status"><Value>Passed</Value></Field><Field Name="os-name"><Value></Value></Field><Field Name="attachment"><Value></Value></Field><Field Name="iters-params-values"><Value></Value></Field><Field Name="test-id"><Value>7</Value></Field><Field Name="subtype-id"><Value>hp.qc.run.MANUAL</Value></Field><Field Name="draft"><Value>N</Value></Field><Field Name="iters-sum-status"><Value></Value></Field><Field Name="duration"><Value>55</Value></Field><Field Name="bpt-structure"><Value></Value></Field><Field Name="owner"><Value>312356</Value></Field><Field Name="text-sync"><Value></Value></Field><Field Name="bpta-change-detected"/><Field Name="execution-time"><Value>16:55:31</Value></Field><Field Name="bpta-change-awareness"><Value></Value></Field><Field Name="vc-locked-by"><Value></Value></Field><Field Name="comments"><Value></Value></Field><Field Name="os-sp"><Value></Value></Field></Fields><RelatedEntities/></Entity><Entity Type="run"><Fields><Field Name="test-instance"><Value>1</Value></Field><Field Name="execution-date"><Value>2019-04-24</Value></Field><Field Name="state"><Value></Value></Field><Field Name="id"><Value>13</Value></Field><Field Name="ver-stamp"><Value>1</Value></Field><Field Name="os-config"><Value></Value></Field><Field Name="test-config-id"><Value>1008</Value></Field><Field Name="name"><Value>Fast_Run_4-24_16-55-42</Value></Field><Field Name="has-linkage"><Value>N</Value></Field><Field Name="path"><Value></Value></Field><Field Name="vc-status"><Value></Value></Field><Field Name="pinned-baseline"><Value></Value></Field><Field Name="vc-version-number"/><Field Name="os-build"><Value></Value></Field><Field Name="testcycl-id"><Value>8</Value></Field><Field Name="cycle-id"><Value>201</Value></Field><Field Name="cycle"><Value></Value></Field><Field Name="host"><Value></Value></Field><Field Name="assign-rcyc"><Value></Value></Field><Field Name="last-modified"><Value>2019-04-24 16:55:42</Value></Field><Field Name="status"><Value>Passed</Value></Field><Field Name="os-name"><Value></Value></Field><Field Name="attachment"><Value></Value></Field><Field Name="iters-params-values"><Value></Value></Field><Field Name="test-id"><Value>8</Value></Field><Field Name="subtype-id"><Value>hp.qc.run.MANUAL</Value></Field><Field Name="draft"><Value>N</Value></Field><Field Name="iters-sum-status"><Value></Value></Field><Field Name="duration"><Value>0</Value></Field><Field Name="bpt-structure"><Value></Value></Field><Field Name="owner"><Value>312356</Value></Field><Field Name="text-sync"><Value></Value></Field><Field Name="bpta-change-detected"/><Field Name="execution-time"><Value>16:55:42</Value></Field><Field Name="bpta-change-awareness"><Value></Value></Field><Field Name="vc-locked-by"><Value></Value></Field><Field Name="comments"><Value></Value></Field><Field Name="os-sp"><Value></Value></Field></Fields><RelatedEntities/></Entity><Entity Type="run"><Fields><Field Name="test-instance"><Value>1</Value></Field><Field Name="execution-date"><Value>2019-04-24</Value></Field><Field Name="state"><Value></Value></Field><Field Name="id"><Value>14</Value></Field><Field Name="ver-stamp"><Value>1</Value></Field><Field Name="os-config"><Value></Value></Field><Field Name="test-config-id"><Value>1009</Value></Field><Field Name="name"><Value>Fast_Run_4-24_17-0-52</Value></Field><Field Name="has-linkage"><Value>N</Value></Field><Field Name="path"><Value></Value></Field><Field Name="vc-status"><Value></Value></Field><Field Name="pinned-baseline"><Value></Value></Field><Field Name="vc-version-number"/><Field Name="os-build"><Value></Value></Field><Field Name="testcycl-id"><Value>10</Value></Field><Field Name="cycle-id"><Value>202</Value></Field><Field Name="cycle"><Value></Value></Field><Field Name="host"><Value></Value></Field><Field Name="assign-rcyc"><Value></Value></Field><Field Name="last-modified"><Value>2019-04-24 17:00:52</Value></Field><Field Name="status"><Value>Failed</Value></Field><Field Name="os-name"><Value></Value></Field><Field Name="attachment"><Value></Value></Field><Field Name="iters-params-values"><Value></Value></Field><Field Name="test-id"><Value>9</Value></Field><Field Name="subtype-id"><Value>hp.qc.run.MANUAL</Value></Field><Field Name="draft"><Value>N</Value></Field><Field Name="iters-sum-status"><Value></Value></Field><Field Name="duration"><Value>0</Value></Field><Field Name="bpt-structure"><Value></Value></Field><Field Name="owner"><Value>312356</Value></Field><Field Name="text-sync"><Value></Value></Field><Field Name="bpta-change-detected"/><Field Name="execution-time"><Value>17:00:52</Value></Field><Field Name="bpta-change-awareness"><Value></Value></Field><Field Name="vc-locked-by"><Value></Value></Field><Field Name="comments"><Value></Value></Field><Field Name="os-sp"><Value></Value></Field></Fields><RelatedEntities/></Entity><Entity Type="run"><Fields><Field Name="test-instance"><Value>2</Value></Field><Field Name="execution-date"><Value>2019-04-24</Value></Field><Field Name="state"><Value></Value></Field><Field Name="id"><Value>15</Value></Field><Field Name="ver-stamp"><Value>1</Value></Field><Field Name="os-config"><Value></Value></Field><Field Name="test-config-id"><Value>1007</Value></Field><Field Name="name"><Value>Fast_Run_4-24_17-0-57</Value></Field><Field Name="has-linkage"><Value>N</Value></Field><Field Name="path"><Value></Value></Field><Field Name="vc-status"><Value></Value></Field><Field Name="pinned-baseline"><Value></Value></Field><Field Name="vc-version-number"/><Field Name="os-build"><Value></Value></Field><Field Name="testcycl-id"><Value>11</Value></Field><Field Name="cycle-id"><Value>202</Value></Field><Field Name="cycle"><Value></Value></Field><Field Name="host"><Value></Value></Field><Field Name="assign-rcyc"><Value></Value></Field><Field Name="last-modified"><Value>2019-04-24 17:00:57</Value></Field><Field Name="status"><Value>Passed</Value></Field><Field Name="os-name"><Value></Value></Field><Field Name="attachment"><Value></Value></Field><Field Name="iters-params-values"><Value></Value></Field><Field Name="test-id"><Value>7</Value></Field><Field Name="subtype-id"><Value>hp.qc.run.MANUAL</Value></Field><Field Name="draft"><Value>N</Value></Field><Field Name="iters-sum-status"><Value></Value></Field><Field Name="duration"><Value>0</Value></Field><Field Name="bpt-structure"><Value></Value></Field><Field Name="owner"><Value>312356</Value></Field><Field Name="text-sync"><Value></Value></Field><Field Name="bpta-change-detected"/><Field Name="execution-time"><Value>17:00:57</Value></Field><Field Name="bpta-change-awareness"><Value></Value></Field><Field Name="vc-locked-by"><Value></Value></Field><Field Name="comments"><Value></Value></Field><Field Name="os-sp"><Value></Value></Field></Fields><RelatedEntities/></Entity></Entities>