<?xml version="1.0" encoding="UTF-8" standalone="yes"?><Entities TotalResults="4"><Entity Type="test-set"><Fields><Field Name="close-date"/><Field Name="assign-rcyc"><Value></Value></Field><Field Name="last-modified"/><Field Name="status"><Value></Value></Field><Field Name="cycle-config"><Value></Value></Field><Field Name="request-id"/><Field Name="exec-event-handle"><Value></Value></Field><Field Name="open-date"/><Field Name="attachment"><Value></Value></Field><Field Name="mail-settings"><Value></Value></Field><Field Name="subtype-id"><Value>hp.qc.test-set.default</Value></Field><Field Name="id"><Value>0</Value></Field><Field Name="ver-stamp"/><Field Name="parent-id"><Value>-2</Value></Field><Field Name="os-config"><Value></Value></Field><Field Name="description"><Value></Value></Field><Field Name="name"><Value>default</Value></Field><Field Name="has-linkage"><Value>N</Value></Field><Field Name="pinned-baseline"><Value></Value></Field><Field Name="report-settings"><Value></Value></Field><Field Name="comment"><Value></Value></Field></Fields><RelatedEntities/></Entity><Entity Type="test-set"><Fields><Field Name="close-date"/><Field Name="assign-rcyc"><Value></Value></Field><Field Name="last-modified"><Value>2017-12-05 16:58:14</Value></Field><Field Name="status"><Value>Open</Value></Field><Field Name="cycle-config"><Value></Value></Field><Field Name="request-id"/><Field Name="exec-event-handle"><Value></Value></Field><Field Name="open-date"><Value>2017-12-05</Value></Field><Field Name="attachment"><Value></Value></Field><Field Name="mail-settings"><Value></Value></Field><Field Name="subtype-id"><Value>hp.qc.test-set.default</Value></Field><Field Name="id"><Value>101</Value></Field><Field Name="ver-stamp"><Value>1</Value></Field><Field Name="parent-id"><Value>2</Value></Field><Field Name="os-config"><Value></Value></Field><Field Name="description"><Value></Value></Field><Field Name="name"><Value>DryRuns</Value></Field><Field Name="has-linkage"><Value>N</Value></Field><Field Name="pinned-baseline"><Value></Value></Field><Field Name="report-settings"><Value></Value></Field><Field Name="comment"><Value></Value></Field></Fields><RelatedEntities/></Entity><Entity Type="test-set"><Fields><Field Name="close-date"><Value>2019-06-28</Value></Field><Field Name="assign-rcyc"><Value></Value></Field><Field Name="last-modified"><Value>2019-04-24 16:53:16</Value></Field><Field Name="status"><Value>Open</Value></Field><Field Name="cycle-config"><Value></Value></Field><Field Name="request-id"/><Field Name="exec-event-handle"><Value></Value></Field><Field Name="open-date"><Value>2019-04-24</Value></Field><Field Name="attachment"><Value></Value></Field><Field Name="mail-settings"><Value></Value></Field><Field Name="subtype-id"><Value>hp.qc.test-set.default</Value></Field><Field Name="id"><Value>201</Value></Field><Field Name="ver-stamp"><Value>1</Value></Field><Field Name="parent-id"><Value>3</Value></Field><Field Name="os-config"><Value></Value></Field><Field Name="description"><Value></Value></Field><Field Name="name"><Value>Log/Logout Testset</Value></Field><Field Name="has-linkage"><Value>N</Value></Field><Field Name="pinned-baseline"><Value></Value></Field><Field Name="report-settings"><Value></Value></Field><Field Name="comment"><Value>&lt;html&gt;&lt;body&gt; 
&lt;div align=&quot;left&quot; style=&quot;min-height:9pt&quot;&gt;
&lt;font face=&quot;Arial&quot;&gt;&lt;span style=&quot;font-size:8pt&quot;&gt;Log/Logout Testset Desc&lt;/span&gt;&lt;/font&gt;
&lt;/div&gt;  
&lt;/body&gt;&lt;/html&gt;</Value></Field></Fields><RelatedEntities/></Entity><Entity Type="test-set"><Fields><Field Name="close-date"><Value>2019-04-24</Value></Field><Field Name="assign-rcyc"><Value></Value></Field><Field Name="last-modified"><Value>2019-04-24 16:57:59</Value></Field><Field Name="status"><Value>Open</Value></Field><Field Name="cycle-config"><Value></Value></Field><Field Name="request-id"/><Field Name="exec-event-handle"><Value></Value></Field><Field Name="open-date"><Value>2019-04-24</Value></Field><Field Name="attachment"><Value></Value></Field><Field Name="mail-settings"><Value></Value></Field><Field Name="subtype-id"><Value>hp.qc.test-set.default</Value></Field><Field Name="id"><Value>202</Value></Field><Field Name="ver-stamp"><Value>1</Value></Field><Field Name="parent-id"><Value>3</Value></Field><Field Name="os-config"><Value></Value></Field><Field Name="description"><Value></Value></Field><Field Name="name"><Value>Login Failure</Value></Field><Field Name="has-linkage"><Value>N</Value></Field><Field Name="pinned-baseline"><Value></Value></Field><Field Name="report-settings"><Value></Value></Field><Field Name="comment"><Value>&lt;html&gt;&lt;body&gt; 
&lt;div align=&quot;left&quot; style=&quot;min-height:9pt&quot;&gt;
&lt;font face=&quot;Arial&quot;&gt;&lt;span style=&quot;font-size:8pt&quot;&gt;Login Failure Test&lt;/span&gt;&lt;/font&gt;
&lt;/div&gt;  
&lt;/body&gt;&lt;/html&gt;</Value></Field></Fields><RelatedEntities/></Entity></Entities>