<?xml version="1.0" encoding="UTF-8" standalone="yes"?><Entities TotalResults="8"><Entity Type="test-instance"><Fields><Field Name="test-instance"><Value>1</Value></Field><Field Name="eparams"><Value></Value></Field><Field Name="plan-scheduling-time"><Value></Value></Field><Field Name="plan-scheduling-date"/><Field Name="id"><Value>3</Value></Field><Field Name="ver-stamp"><Value>9</Value></Field><Field Name="os-config"><Value></Value></Field><Field Name="host-name"><Value></Value></Field><Field Name="test-config-id"><Value>1003</Value></Field><Field Name="data-obj"><Value></Value></Field><Field Name="has-linkage"><Value>N</Value></Field><Field Name="pinned-baseline"><Value></Value></Field><Field Name="exec-date"><Value>2017-12-06</Value></Field><Field Name="cycle-id"><Value>101</Value></Field><Field Name="cycle"><Value></Value></Field><Field Name="assign-rcyc"><Value></Value></Field><Field Name="exec-time"><Value>18:20:22</Value></Field><Field Name="last-modified"><Value>2017-12-06 18:20:22</Value></Field><Field Name="status"><Value>Not Completed</Value></Field><Field Name="iterations"><Value></Value></Field><Field Name="exec-event-handle"><Value></Value></Field><Field Name="actual-tester"><Value>184389</Value></Field><Field Name="attachment"><Value></Value></Field><Field Name="test-id"><Value>3</Value></Field><Field Name="subtype-id"><Value>hp.qc.test-instance.MANUAL</Value></Field><Field Name="test-order"><Value>1</Value></Field><Field Name="owner"><Value>184389</Value></Field><Field Name="bpta-change-awareness"><Value></Value></Field></Fields><RelatedEntities/></Entity><Entity Type="test-instance"><Fields><Field Name="test-instance"><Value>1</Value></Field><Field Name="eparams"><Value></Value></Field><Field Name="plan-scheduling-time"><Value></Value></Field><Field Name="plan-scheduling-date"/><Field Name="id"><Value>7</Value></Field><Field Name="ver-stamp"><Value>3</Value></Field><Field Name="os-config"><Value></Value></Field><Field Name="host-name"><Value></Value></Field><Field Name="test-config-id"><Value>1007</Value></Field><Field Name="data-obj"><Value></Value></Field><Field Name="has-linkage"><Value>N</Value></Field><Field Name="pinned-baseline"><Value></Value></Field><Field Name="exec-date"><Value>2019-04-24</Value></Field><Field Name="cycle-id"><Value>201</Value></Field><Field Name="cycle"><Value></Value></Field><Field Name="assign-rcyc"><Value></Value></Field><Field Name="exec-time"><Value>16:55:31</Value></Field><Field Name="last-modified"><Value>2019-04-24 16:55:32</Value></Field><Field Name="status"><Value>Passed</Value></Field><Field Name="iterations"><Value></Value></Field><Field Name="exec-event-handle"><Value></Value></Field><Field Name="actual-tester"><Value>312356</Value></Field><Field Name="attachment"><Value></Value></Field><Field Name="test-id"><Value>7</Value></Field><Field Name="subtype-id"><Value>hp.qc.test-instance.MANUAL</Value></Field><Field Name="test-order"><Value>1</Value></Field><Field Name="owner"><Value>312356</Value></Field><Field Name="bpta-change-awareness"><Value></Value></Field></Fields><RelatedEntities/></Entity><Entity Type="test-instance"><Fields><Field Name="test-instance"><Value>1</Value></Field><Field Name="eparams"><Value></Value></Field><Field Name="plan-scheduling-time"><Value></Value></Field><Field Name="plan-scheduling-date"/><Field Name="id"><Value>8</Value></Field><Field Name="ver-stamp"><Value>2</Value></Field><Field Name="os-config"><Value></Value></Field><Field Name="host-name"><Value></Value></Field><Field Name="test-config-id"><Value>1008</Value></Field><Field Name="data-obj"><Value></Value></Field><Field Name="has-linkage"><Value>N</Value></Field><Field Name="pinned-baseline"><Value></Value></Field><Field Name="exec-date"><Value>2019-04-24</Value></Field><Field Name="cycle-id"><Value>201</Value></Field><Field Name="cycle"><Value></Value></Field><Field Name="assign-rcyc"><Value></Value></Field><Field Name="exec-time"><Value>16:55:42</Value></Field><Field Name="last-modified"><Value>2019-04-24 16:55:42</Value></Field><Field Name="status"><Value>Passed</Value></Field><Field Name="iterations"><Value></Value></Field><Field Name="exec-event-handle"><Value></Value></Field><Field Name="actual-tester"><Value>312356</Value></Field><Field Name="attachment"><Value></Value></Field><Field Name="test-id"><Value>8</Value></Field><Field Name="subtype-id"><Value>hp.qc.test-instance.MANUAL</Value></Field><Field Name="test-order"><Value>2</Value></Field><Field Name="owner"><Value>312356</Value></Field><Field Name="bpta-change-awareness"><Value></Value></Field></Fields><RelatedEntities/></Entity><Entity Type="test-instance"><Fields><Field Name="test-instance"><Value>1</Value></Field><Field Name="eparams"><Value></Value></Field><Field Name="plan-scheduling-time"><Value></Value></Field><Field Name="plan-scheduling-date"/><Field Name="id"><Value>10</Value></Field><Field Name="ver-stamp"><Value>2</Value></Field><Field Name="os-config"><Value></Value></Field><Field Name="host-name"><Value></Value></Field><Field Name="test-config-id"><Value>1009</Value></Field><Field Name="data-obj"><Value></Value></Field><Field Name="has-linkage"><Value>N</Value></Field><Field Name="pinned-baseline"><Value></Value></Field><Field Name="exec-date"><Value>2019-04-24</Value></Field><Field Name="cycle-id"><Value>202</Value></Field><Field Name="cycle"><Value></Value></Field><Field Name="assign-rcyc"><Value></Value></Field><Field Name="exec-time"><Value>17:00:52</Value></Field><Field Name="last-modified"><Value>2019-04-24 17:00:52</Value></Field><Field Name="status"><Value>Failed</Value></Field><Field Name="iterations"><Value></Value></Field><Field Name="exec-event-handle"><Value></Value></Field><Field Name="actual-tester"><Value>312356</Value></Field><Field Name="attachment"><Value></Value></Field><Field Name="test-id"><Value>9</Value></Field><Field Name="subtype-id"><Value>hp.qc.test-instance.MANUAL</Value></Field><Field Name="test-order"><Value>2</Value></Field><Field Name="owner"><Value>312356</Value></Field><Field Name="bpta-change-awareness"><Value></Value></Field></Fields><RelatedEntities/></Entity><Entity Type="test-instance"><Fields><Field Name="test-instance"><Value>1</Value></Field><Field Name="eparams"><Value></Value></Field><Field Name="plan-scheduling-time"><Value></Value></Field><Field Name="plan-scheduling-date"/><Field Name="id"><Value>4</Value></Field><Field Name="ver-stamp"><Value>3</Value></Field><Field Name="os-config"><Value></Value></Field><Field Name="host-name"><Value></Value></Field><Field Name="test-config-id"><Value>1004</Value></Field><Field Name="data-obj"><Value></Value></Field><Field Name="has-linkage"><Value>N</Value></Field><Field Name="pinned-baseline"><Value></Value></Field><Field Name="exec-date"><Value>2017-12-06</Value></Field><Field Name="cycle-id"><Value>101</Value></Field><Field Name="cycle"><Value></Value></Field><Field Name="assign-rcyc"><Value></Value></Field><Field Name="exec-time"><Value>19:00:04</Value></Field><Field Name="last-modified"><Value>2017-12-06 19:00:05</Value></Field><Field Name="status"><Value>Not Completed</Value></Field><Field Name="iterations"><Value></Value></Field><Field Name="exec-event-handle"><Value></Value></Field><Field Name="actual-tester"><Value>184389</Value></Field><Field Name="attachment"><Value></Value></Field><Field Name="test-id"><Value>4</Value></Field><Field Name="subtype-id"><Value>hp.qc.test-instance.MANUAL</Value></Field><Field Name="test-order"><Value>2</Value></Field><Field Name="owner"><Value>184389</Value></Field><Field Name="bpta-change-awareness"><Value></Value></Field></Fields><RelatedEntities/></Entity><Entity Type="test-instance"><Fields><Field Name="test-instance"><Value>1</Value></Field><Field Name="eparams"><Value></Value></Field><Field Name="plan-scheduling-time"><Value></Value></Field><Field Name="plan-scheduling-date"/><Field Name="id"><Value>5</Value></Field><Field Name="ver-stamp"><Value>3</Value></Field><Field Name="os-config"><Value></Value></Field><Field Name="host-name"><Value></Value></Field><Field Name="test-config-id"><Value>1005</Value></Field><Field Name="data-obj"><Value></Value></Field><Field Name="has-linkage"><Value>N</Value></Field><Field Name="pinned-baseline"><Value></Value></Field><Field Name="exec-date"><Value>2017-12-05</Value></Field><Field Name="cycle-id"><Value>101</Value></Field><Field Name="cycle"><Value></Value></Field><Field Name="assign-rcyc"><Value></Value></Field><Field Name="exec-time"><Value>18:42:00</Value></Field><Field Name="last-modified"><Value>2017-12-05 18:42:00</Value></Field><Field Name="status"><Value>Passed</Value></Field><Field Name="iterations"><Value></Value></Field><Field Name="exec-event-handle"><Value></Value></Field><Field Name="actual-tester"><Value>184389</Value></Field><Field Name="attachment"><Value></Value></Field><Field Name="test-id"><Value>5</Value></Field><Field Name="subtype-id"><Value>hp.qc.test-instance.MANUAL</Value></Field><Field Name="test-order"><Value>3</Value></Field><Field Name="owner"><Value>184389</Value></Field><Field Name="bpta-change-awareness"><Value></Value></Field></Fields><RelatedEntities/></Entity><Entity Type="test-instance"><Fields><Field Name="test-instance"><Value>2</Value></Field><Field Name="eparams"><Value></Value></Field><Field Name="plan-scheduling-time"><Value></Value></Field><Field Name="plan-scheduling-date"/><Field Name="id"><Value>11</Value></Field><Field Name="ver-stamp"><Value>2</Value></Field><Field Name="os-config"><Value></Value></Field><Field Name="host-name"><Value></Value></Field><Field Name="test-config-id"><Value>1007</Value></Field><Field Name="data-obj"><Value></Value></Field><Field Name="has-linkage"><Value>N</Value></Field><Field Name="pinned-baseline"><Value></Value></Field><Field Name="exec-date"><Value>2019-04-24</Value></Field><Field Name="cycle-id"><Value>202</Value></Field><Field Name="cycle"><Value></Value></Field><Field Name="assign-rcyc"><Value></Value></Field><Field Name="exec-time"><Value>17:00:57</Value></Field><Field Name="last-modified"><Value>2019-04-24 17:00:57</Value></Field><Field Name="status"><Value>Passed</Value></Field><Field Name="iterations"><Value></Value></Field><Field Name="exec-event-handle"><Value></Value></Field><Field Name="actual-tester"><Value>312356</Value></Field><Field Name="attachment"><Value></Value></Field><Field Name="test-id"><Value>7</Value></Field><Field Name="subtype-id"><Value>hp.qc.test-instance.MANUAL</Value></Field><Field Name="test-order"><Value>3</Value></Field><Field Name="owner"><Value>312356</Value></Field><Field Name="bpta-change-awareness"><Value></Value></Field></Fields><RelatedEntities/></Entity><Entity Type="test-instance"><Fields><Field Name="test-instance"><Value>1</Value></Field><Field Name="eparams"><Value></Value></Field><Field Name="plan-scheduling-time"><Value></Value></Field><Field Name="plan-scheduling-date"/><Field Name="id"><Value>6</Value></Field><Field Name="ver-stamp"><Value>3</Value></Field><Field Name="os-config"><Value></Value></Field><Field Name="host-name"><Value></Value></Field><Field Name="test-config-id"><Value>1006</Value></Field><Field Name="data-obj"><Value></Value></Field><Field Name="has-linkage"><Value>N</Value></Field><Field Name="pinned-baseline"><Value></Value></Field><Field Name="exec-date"><Value>2017-12-06</Value></Field><Field Name="cycle-id"><Value>101</Value></Field><Field Name="cycle"><Value></Value></Field><Field Name="assign-rcyc"><Value></Value></Field><Field Name="exec-time"><Value>18:42:27</Value></Field><Field Name="last-modified"><Value>2017-12-06 18:42:27</Value></Field><Field Name="status"><Value>Passed</Value></Field><Field Name="iterations"><Value></Value></Field><Field Name="exec-event-handle"><Value></Value></Field><Field Name="actual-tester"><Value>184389</Value></Field><Field Name="attachment"><Value></Value></Field><Field Name="test-id"><Value>6</Value></Field><Field Name="subtype-id"><Value>hp.qc.test-instance.MANUAL</Value></Field><Field Name="test-order"><Value>4</Value></Field><Field Name="owner"><Value>184389</Value></Field><Field Name="bpta-change-awareness"><Value></Value></Field></Fields><RelatedEntities/></Entity></Entities>