<?xml version="1.0" encoding="UTF-8" standalone="yes"?><Entities TotalResults="3"><Entity Type="test-set-folder"><Fields><Field Name="id"><Value>3</Value></Field><Field Name="no-of-sons"/><Field Name="ver-stamp"><Value>0</Value></Field><Field Name="parent-id"><Value>0</Value></Field><Field Name="assign-rcyc"><Value></Value></Field><Field Name="last-modified"><Value>2019-04-24 16:52:22</Value></Field><Field Name="hierarchical-path"><Value>AAAAAB</Value></Field><Field Name="description"><Value></Value></Field><Field Name="view-order"/><Field Name="name"><Value>Login/logout</Value></Field><Field Name="attachment"><Value></Value></Field><Field Name="workflow"><Value></Value></Field></Fields><RelatedEntities/></Entity><Entity Type="test-set-folder"><Fields><Field Name="id"><Value>2</Value></Field><Field Name="no-of-sons"/><Field Name="ver-stamp"><Value>0</Value></Field><Field Name="parent-id"><Value>0</Value></Field><Field Name="assign-rcyc"><Value></Value></Field><Field Name="last-modified"><Value>2017-12-05 16:55:51</Value></Field><Field Name="hierarchical-path"><Value>AAAAAA</Value></Field><Field Name="description"><Value></Value></Field><Field Name="view-order"/><Field Name="name"><Value>Mercuryruns</Value></Field><Field Name="attachment"><Value></Value></Field><Field Name="workflow"><Value></Value></Field></Fields><RelatedEntities/></Entity><Entity Type="test-set-folder"><Fields><Field Name="id"><Value>0</Value></Field><Field Name="no-of-sons"/><Field Name="ver-stamp"><Value>1</Value></Field><Field Name="parent-id"><Value>-1</Value></Field><Field Name="assign-rcyc"><Value></Value></Field><Field Name="last-modified"/><Field Name="hierarchical-path"><Value>AAA</Value></Field><Field Name="description"><Value></Value></Field><Field Name="view-order"><Value>0</Value></Field><Field Name="name"><Value>Root</Value></Field><Field Name="attachment"><Value></Value></Field><Field Name="workflow"><Value></Value></Field></Fields><RelatedEntities/></Entity></Entities>